# JRE version: OpenJDK Runtime Environment (21.0.5) (build 21.0.5+-13047016-b750.29)
# Java VM: OpenJDK 64-Bit Server VM (21.0.5+-13047016-b750.29, mixed mode, tiered, compressed oops, compressed class ptrs, g1 gc, windows-amd64)
GC Precious Log:
 CardTable entry size: 512
 Card Set container configuration: InlinePtr #cards 5 size 8 Array Of Cards #cards 12 size 40 Howl #buckets 4 coarsen threshold 1843 Howl Bitmap #cards 512 size 80 coarsen threshold 460 Card regions per heap region 1 cards per card region 2048
 CPUs: 12 total, 12 available
 Memory: 7929M
 Large Page Support: Disabled
 NUMA Support: Disabled
 Compressed Oops: Enabled (32-bit)
 Heap Region Size: 1M
 Heap Min Capacity: 8M
 Heap Initial Capacity: 124M
 Heap Max Capacity: 2G
 Pre-touch: Disabled
 Parallel Workers: 10
 Concurrent Workers: 3
 Concurrent Refinement Workers: 10
 Periodic GC: Disabled
Heap:
 garbage-first heap   total 356352K, used 202732K [0x0000000080000000, 0x0000000100000000)
  region size 1024K, 41 young (41984K), 8 survivors (8192K)
 Metaspace       used 176045K, committed 178560K, reserved 1245184K
  class space    used 23319K, committed 24576K, reserved 1048576K
GC Heap History (20 events):
Event: 19.864 GC heap before
{Heap before GC invocations=53 (full 0):
 garbage-first heap   total 355328K, used 276406K [0x0000000080000000, 0x0000000100000000)
  region size 1024K, 127 young (130048K), 8 survivors (8192K)
 Metaspace       used 126292K, committed 128512K, reserved 1179648K
  class space    used 16736K, committed 17856K, reserved 1048576K
}
Event: 19.868 GC heap after
{Heap after GC invocations=54 (full 0):
 garbage-first heap   total 355328K, used 153960K [0x0000000080000000, 0x0000000100000000)
  region size 1024K, 8 young (8192K), 8 survivors (8192K)
 Metaspace       used 126292K, committed 128512K, reserved 1179648K
  class space    used 16736K, committed 17856K, reserved 1048576K
}
Event: 22.381 GC heap before
{Heap before GC invocations=54 (full 0):
 garbage-first heap   total 355328K, used 310632K [0x0000000080000000, 0x0000000100000000)
  region size 1024K, 162 young (165888K), 8 survivors (8192K)
 Metaspace       used 128744K, committed 130944K, reserved 1179648K
  class space    used 17023K, committed 18112K, reserved 1048576K
}
Event: 22.391 GC heap after
{Heap after GC invocations=55 (full 0):
 garbage-first heap   total 355328K, used 166544K [0x0000000080000000, 0x0000000100000000)
  region size 1024K, 21 young (21504K), 21 survivors (21504K)
 Metaspace       used 128744K, committed 130944K, reserved 1179648K
  class space    used 17023K, committed 18112K, reserved 1048576K
}
Event: 22.648 GC heap before
{Heap before GC invocations=55 (full 0):
 garbage-first heap   total 355328K, used 243344K [0x0000000080000000, 0x0000000100000000)
  region size 1024K, 98 young (100352K), 21 survivors (21504K)
 Metaspace       used 129353K, committed 131584K, reserved 1179648K
  class space    used 17093K, committed 18240K, reserved 1048576K
}
Event: 22.656 GC heap after
{Heap after GC invocations=56 (full 0):
 garbage-first heap   total 355328K, used 168239K [0x0000000080000000, 0x0000000100000000)
  region size 1024K, 8 young (8192K), 8 survivors (8192K)
 Metaspace       used 129353K, committed 131584K, reserved 1179648K
  class space    used 17093K, committed 18240K, reserved 1048576K
}
Event: 29.776 GC heap before
{Heap before GC invocations=57 (full 0):
 garbage-first heap   total 355328K, used 314671K [0x0000000080000000, 0x0000000100000000)
  region size 1024K, 152 young (155648K), 8 survivors (8192K)
 Metaspace       used 136491K, committed 138880K, reserved 1179648K
  class space    used 17836K, committed 19008K, reserved 1048576K
}
Event: 29.782 GC heap after
{Heap after GC invocations=58 (full 0):
 garbage-first heap   total 355328K, used 170468K [0x0000000080000000, 0x0000000100000000)
  region size 1024K, 13 young (13312K), 13 survivors (13312K)
 Metaspace       used 136491K, committed 138880K, reserved 1179648K
  class space    used 17836K, committed 19008K, reserved 1048576K
}
Event: 31.215 GC heap before
{Heap before GC invocations=58 (full 0):
 garbage-first heap   total 355328K, used 323044K [0x0000000080000000, 0x0000000100000000)
  region size 1024K, 157 young (160768K), 13 survivors (13312K)
 Metaspace       used 146905K, committed 149312K, reserved 1179648K
  class space    used 19107K, committed 20288K, reserved 1048576K
}
Event: 31.229 GC heap after
{Heap after GC invocations=59 (full 0):
 garbage-first heap   total 355328K, used 171781K [0x0000000080000000, 0x0000000100000000)
  region size 1024K, 20 young (20480K), 20 survivors (20480K)
 Metaspace       used 146905K, committed 149312K, reserved 1179648K
  class space    used 19107K, committed 20288K, reserved 1048576K
}
Event: 31.388 GC heap before
{Heap before GC invocations=59 (full 0):
 garbage-first heap   total 355328K, used 204549K [0x0000000080000000, 0x0000000100000000)
  region size 1024K, 54 young (55296K), 20 survivors (20480K)
 Metaspace       used 147070K, committed 149504K, reserved 1179648K
  class space    used 19120K, committed 20352K, reserved 1048576K
}
Event: 31.395 GC heap after
{Heap after GC invocations=60 (full 0):
 garbage-first heap   total 355328K, used 170458K [0x0000000080000000, 0x0000000100000000)
  region size 1024K, 5 young (5120K), 5 survivors (5120K)
 Metaspace       used 147070K, committed 149504K, reserved 1179648K
  class space    used 19120K, committed 20352K, reserved 1048576K
}
Event: 32.392 GC heap before
{Heap before GC invocations=61 (full 0):
 garbage-first heap   total 355328K, used 322010K [0x0000000080000000, 0x0000000100000000)
  region size 1024K, 150 young (153600K), 5 survivors (5120K)
 Metaspace       used 161731K, committed 164288K, reserved 1245184K
  class space    used 21543K, committed 22848K, reserved 1048576K
}
Event: 32.405 GC heap after
{Heap after GC invocations=62 (full 0):
 garbage-first heap   total 355328K, used 184951K [0x0000000080000000, 0x0000000100000000)
  region size 1024K, 19 young (19456K), 19 survivors (19456K)
 Metaspace       used 161731K, committed 164288K, reserved 1245184K
  class space    used 21543K, committed 22848K, reserved 1048576K
}
Event: 32.934 GC heap before
{Heap before GC invocations=62 (full 0):
 garbage-first heap   total 355328K, used 317047K [0x0000000080000000, 0x0000000100000000)
  region size 1024K, 148 young (151552K), 19 survivors (19456K)
 Metaspace       used 166880K, committed 169472K, reserved 1245184K
  class space    used 22314K, committed 23616K, reserved 1048576K
}
Event: 32.941 GC heap after
{Heap after GC invocations=63 (full 0):
 garbage-first heap   total 355328K, used 171351K [0x0000000080000000, 0x0000000100000000)
  region size 1024K, 9 young (9216K), 9 survivors (9216K)
 Metaspace       used 166880K, committed 169472K, reserved 1245184K
  class space    used 22314K, committed 23616K, reserved 1048576K
}
Event: 33.058 GC heap before
{Heap before GC invocations=63 (full 0):
 garbage-first heap   total 355328K, used 201047K [0x0000000080000000, 0x0000000100000000)
  region size 1024K, 40 young (40960K), 9 survivors (9216K)
 Metaspace       used 167900K, committed 170496K, reserved 1245184K
  class space    used 22524K, committed 23808K, reserved 1048576K
}
Event: 33.063 GC heap after
{Heap after GC invocations=64 (full 0):
 garbage-first heap   total 355328K, used 172888K [0x0000000080000000, 0x0000000100000000)
  region size 1024K, 11 young (11264K), 11 survivors (11264K)
 Metaspace       used 167900K, committed 170496K, reserved 1245184K
  class space    used 22524K, committed 23808K, reserved 1048576K
}
Event: 250.249 GC heap before
{Heap before GC invocations=65 (full 0):
 garbage-first heap   total 355328K, used 345944K [0x0000000080000000, 0x0000000100000000)
  region size 1024K, 154 young (157696K), 11 survivors (11264K)
 Metaspace       used 175801K, committed 178304K, reserved 1245184K
  class space    used 23318K, committed 24576K, reserved 1048576K
}
Event: 250.347 GC heap after
{Heap after GC invocations=66 (full 0):
 garbage-first heap   total 356352K, used 169964K [0x0000000080000000, 0x0000000100000000)
  region size 1024K, 8 young (8192K), 8 survivors (8192K)
 Metaspace       used 175801K, committed 178304K, reserved 1245184K
  class space    used 23318K, committed 24576K, reserved 1048576K
}

